
Log - {"id":"1079","url":"http:\/\/192.168.1.21\/web_trustc\/wp-content\/uploads\/2021\/10\/testimonial-4.png"}
Source - https://websitedemos.net/fashion-designer-boutique-08/wp-content/uploads/sites/965/2021/10/testimonial-2.png
Log - {"id":"1081","url":"http:\/\/192.168.1.21\/web_trustc\/wp-content\/uploads\/2021\/10\/testimonial-2.png"}
Source - https://websitedemos.net/fashion-designer-boutique-08/wp-content/uploads/sites/965/2021/10/testimonial-1.png
Log - {"id":"1080","url":"http:\/\/192.168.1.21\/web_trustc\/wp-content\/uploads\/2021\/10\/testimonial-1.png"}
Source - https://websitedemos.net/fashion-designer-boutique-08/wp-content/uploads/sites/965/2021/10/testimonial-3.png
Log - {"id":"1082","url":"http:\/\/192.168.1.21\/web_trustc\/wp-content\/uploads\/2021\/10\/testimonial-3.png"}
Source - https://websitedemos.net/fashion-designer-boutique-08/wp-content/uploads/sites/965/2021/07/fashion-designer-template-cta-bg-img.jpg
Log - {"id":"215","url":"http:\/\/192.168.1.21\/web_trustc\/wp-content\/uploads\/2021\/07\/fashion-designer-template-cta-bg-img.jpg"}
Source - https://websitedemos.net/fashion-designer-boutique-08/wp-content/uploads/sites/965/2021/07/fashion-designer-template-blog-featured-img-3.jpg
Log - {"id":"86","url":"http:\/\/192.168.1.21\/web_trustc\/wp-content\/uploads\/2021\/07\/fashion-designer-template-blog-featured-img-3.jpg"}
Source - https://websitedemos.net/fashion-designer-boutique-08/wp-content/uploads/sites/965/2021/07/fashion-designer-template-blog-featured-img-2.jpg
Log - {"id":"222","url":"http:\/\/192.168.1.21\/web_trustc\/wp-content\/uploads\/2021\/07\/fashion-designer-template-blog-featured-img-2.jpg"}
Source - https://websitedemos.net/fashion-designer-boutique-08/wp-content/uploads/sites/965/2021/07/fashion-designer-template-blog-featured-img-1.jpg
Log - {"id":"221","url":"http:\/\/192.168.1.21\/web_trustc\/wp-content\/uploads\/2021\/07\/fashion-designer-template-blog-featured-img-1.jpg"}
---- Processing WordPress Page - for Gutenberg ---- "1004"
Inserted - Post 1969 - attachment - fashion-designer-template-new-arrival-header-img
---- Processing WordPress Page - for Gutenberg ---- "1003"
---- Processing WordPress Page - for Gutenberg ---- "1002"
---- Processing WordPress Page - for Gutenberg ---- "1001"
---- Processing MISC ----
Post ID: 38
Inserted - Post 1973 - attachment - fashion-designer-cc-amazon-pay-icon
Post ID: 37
Post ID: 29
Post ID: 28
Post ID: 21
Post ID: 22
Post ID: 13
Post ID: 20
Post ID: 19
---- Processing Images Metadata ----
Inserted - Post 1975 - attachment - fashion-designer-cc-discover-icon
Inserted - Post 1976 - attachment - fashion-designer-cc-mastercard-icon
Inserted - Post 1977 - attachment - fashion-designer-cc-visa-icon
Inserted - Post 1978 - attachment - fashion-designer-template-collection-img-01
Inserted - Post 1979 - attachment - fashion-designer-template-collection-img-02
Inserted - Post 1980 - attachment - woocommerce-placeholder
Inserted - Post 1981 - nav_menu_item - 
Inserted - Post 1982 - nav_menu_item - 
Inserted - Post 1983 - nav_menu_item - 
Inserted - Post 1984 - attachment - fashion-designer-01
Inserted - Post 1985 - attachment - testimonial-4
Inserted - Post 1986 - attachment - testimonial-1
Inserted - Post 1987 - attachment - testimonial-2
Inserted - Post 1988 - attachment - testimonial-3
Inserted - Post 1989 - attachment - cropped-favicon-1.png
Inserted - Post 1990 - attachment - demo-screenshot
Inserted - Post 1991 - page - Shop
Inserted - Post 1992 - page - Cart
Inserted - Post 1993 - page - Checkout
Inserted - Post 1994 - nav_menu_item - About Me
Inserted - Post 1995 - nav_menu_item - My story
Inserted - Post 1996 - nav_menu_item - Awards &#038; Achievement
Inserted - Post 1997 - nav_menu_item - Contact
Inserted - Post 1998 - nav_menu_item - 
Inserted - Post 1999 - nav_menu_item - 
Inserted - Post 2000 - nav_menu_item - Shop By Category
Inserted - Post 2001 - nav_menu_item - 
Inserted - Post 2002 - nav_menu_item - 
Inserted - Post 2003 - nav_menu_item - 
Inserted - Post 2004 - nav_menu_item - 
Inserted - Post 2005 - nav_menu_item - 
Inserted - Post 2006 - nav_menu_item - 
Inserted - Post 2007 - product - Gold night party dress
Inserted - Post 2008 - product - Scarlett red long dress
Inserted - Post 2009 - product - Chloe tortoise eyewear
Inserted - Post 2010 - product - Allure black watch
Inserted - Post 2011 - product - Classic pant white
Inserted - Post 2012 - product - Allice gold necklace
Inserted - Post 2013 - product - Black high heels shoes
Inserted - Post 2014 - product - Noorin gold ring watch
Inserted - Post 2015 - product - Silk long shirt white
Inserted - Post 2016 - product - Floral short dress red
Inserted - Post 2017 - product - Solla outdoor sunglasses
Inserted - Post 2018 - product - Dora black gradient eyewear
Inserted - Post 2019 - product - Claire high heels shoes
Inserted - Post 2020 - product - Eline short dress black
Inserted - Post 2021 - page - My account
Inserted - Post 2022 - page - Home
Inserted - Post 2023 - page - About
Inserted - Post 2024 - page - Collection
Inserted - Post 2025 - page - New Arrivals
Inserted - Post 2026 - page - Contact
Inserted - Post 2027 - product - Benne long sleeve shirt black
Inserted - Post 2028 - product - Donna gold frame glasses
Inserted - Post 2029 - product - Exile pearl necklace
Inserted - Post 2030 - product - Emerald green shoes
Inserted - Post 2031 - product - Mila dual pocket pant
Inserted - Post 2032 - product - Serenity silver watch
Inserted - Post 2033 - product - Meena dress maroon
Inserted - Post 2034 - product - Alnich night dress navy
Inserted - Post 2035 - product - Spark nigh party dress green
Inserted - Post 2036 - product - Eterna long dress black
Inserted - Post 2037 - wp_global_styles - Custom Styles
---- Processing Images Metadata Completed ----
---- Processing batch process for Customizer start ----
---- Processing batch process for Customizer done ----
Batch Process Complete!